Removed Pin From Net: NetName=E Pin=d1-1
Removed Pin From Net: NetName=L Pin=d1-2
Removed Pin From Net: NetName=M Pin=d1-4
Removed Pin From Net: NetName=N Pin=d1-5
Removed Pin From Net: NetName=G2 Pin=d1-6
Removed Pin From Net: NetName=D Pin=d1-7
Removed Pin From Net: NetName=DP Pin=d1-8
Removed Pin From Net: NetName=C Pin=d1-9
Removed Pin From Net: NetName=B Pin=d1-10
Removed Pin From Net: NetName=A Pin=d1-12
Removed Pin From Net: NetName=G1 Pin=d1-13
Removed Pin From Net: NetName=K Pin=d1-14
Removed Pin From Net: NetName=J Pin=d1-15
Removed Pin From Net: NetName=H Pin=d1-17
Removed Pin From Net: NetName=F Pin=d1-18
Removed Pin From Net: NetName=E Pin=d2-1
Removed Pin From Net: NetName=L Pin=d2-2
Removed Pin From Net: NetName=M Pin=d2-4
Removed Pin From Net: NetName=N Pin=d2-5
Removed Pin From Net: NetName=G2 Pin=d2-6
Removed Pin From Net: NetName=D Pin=d2-7
Removed Pin From Net: NetName=DP Pin=d2-8
Removed Pin From Net: NetName=C Pin=d2-9
Removed Pin From Net: NetName=B Pin=d2-10
Removed Pin From Net: NetName=A Pin=d2-12
Removed Pin From Net: NetName=G1 Pin=d2-13
Removed Pin From Net: NetName=K Pin=d2-14
Removed Pin From Net: NetName=J Pin=d2-15
Removed Pin From Net: NetName=H Pin=d2-17
Removed Pin From Net: NetName=F Pin=d2-18
Removed Pin From Net: NetName=BLANK1 Pin=P1-2
Removed Pin From Net: NetName=BLANK2 Pin=P1-3
Removed Pin From Net: NetName=BLANK3 Pin=P1-4
Removed Pin From Net: NetName=BLANK4 Pin=P1-5
Removed Pin From Net: NetName=GND Pin=P1-40
Removed Member From Class: ClassName=FinalBoard Member=AD
Removed Member From Class: ClassName=FinalBoard Member=ICSP
Removed Member From Class: ClassName=FinalBoard Member=IOL
Removed Member From Class: ClassName=FinalBoard Member=POWER
Added Component: Designator=AD1(Header 6x1 8.5mm)
Add component (AddParameter): Name = "Supplier 1"; Value = "Arrow"; VariantName = "[No Variations]"
Add component (AddParameter): Name = "Supplier 2"; Value = "Arrow"; VariantName = "[No Variations]"
Add component (AddParameter): Name = "Supplier 3"; Value = "Digi-Key"; VariantName = "[No Variations]"
Add component (AddParameter): Name = "Supplier 4"; Value = "Newark"; VariantName = "[No Variations]"
Add component (AddParameter): Name = "Supplier Part Number 1"; Value = "52553843"; VariantName = "[No Variations]"
Add component (AddParameter): Name = "Supplier Part Number 2"; Value = "2699089"; VariantName = "[No Variations]"
Add component (AddParameter): Name = "Supplier Part Number 3"; Value = "SAM1198-06-ND"; VariantName = "[No Variations]"
Add component (AddParameter): Name = "Supplier Part Number 4"; Value = "11P8269"; VariantName = "[No Variations]"
Added Component: Designator=ICSP1(ICSP)
Add component (AddParameter): Name = "Supplier 1"; Value = "Digi-Key"; VariantName = "[No Variations]"
Add component (AddParameter): Name = "Supplier 2"; Value = "Arrow"; VariantName = "[No Variations]"
Add component (AddParameter): Name = "Supplier 3"; Value = "Arrow"; VariantName = "[No Variations]"
Add component (AddParameter): Name = "Supplier Part Number 1"; Value = "SAM1185-03-ND"; VariantName = "[No Variations]"
Add component (AddParameter): Name = "Supplier Part Number 2"; Value = "2699340"; VariantName = "[No Variations]"
Add component (AddParameter): Name = "Supplier Part Number 3"; Value = "46091550"; VariantName = "[No Variations]"
Added Component: Designator=IOL1(Header 8x1 8.5mm)
Add component (AddParameter): Name = "Supplier 1"; Value = "Arrow"; VariantName = "[No Variations]"
Add component (AddParameter): Name = "Supplier 2"; Value = "Arrow"; VariantName = "[No Variations]"
Add component (AddParameter): Name = "Supplier 3"; Value = "Digi-Key"; VariantName = "[No Variations]"
Add component (AddParameter): Name = "Supplier Part Number 1"; Value = "2698925"; VariantName = "[No Variations]"
Add component (AddParameter): Name = "Supplier Part Number 2"; Value = "2698940"; VariantName = "[No Variations]"
Add component (AddParameter): Name = "Supplier Part Number 3"; Value = "SAM1198-08-ND"; VariantName = "[No Variations]"
Added Component: Designator=J?(LED-3535)
Add component (AddParameter): Name = "Availability"; Value = "Not in stock"; VariantName = "[No Variations]"
Add component (AddParameter): Name = "Check_prices"; Value = "https://www.snapeda.com/parts/SK6812MINI/DONGGUANG+OPSCO+OPTOELECTRONICS+CO.%252C+LTD/view-part/?ref=eda"; VariantName = "[No Variations]"
Add component (AddParameter): Name = "MF"; Value = "DONGGUANG OPSCO OPTOELECTRONICS CO., LTD"; VariantName = "[No Variations]"
Add component (AddParameter): Name = "MP"; Value = "SK6812MINI"; VariantName = "[No Variations]"
Add component (AddParameter): Name = "Package"; Value = "Package"; VariantName = "[No Variations]"
Add component (AddParameter): Name = "Price"; Value = "None"; VariantName = "[No Variations]"
Add component (AddParameter): Name = "SnapEDA_Link"; Value = "https://www.snapeda.com/parts/SK6812MINI/DONGGUANG+OPSCO+OPTOELECTRONICS+CO.%252C+LTD/view-part/?ref=snap"; VariantName = "[No Variations]"
Add component (AddParameter): Name = "Value"; Value = ""; VariantName = "[No Variations]"
Added Component: Designator=POWER1(Header 8x1 8.5mm)
Add component (AddParameter): Name = "Supplier 1"; Value = "Arrow"; VariantName = "[No Variations]"
Add component (AddParameter): Name = "Supplier 2"; Value = "Digi-Key"; VariantName = "[No Variations]"
Add component (AddParameter): Name = "Supplier 3"; Value = "Arrow"; VariantName = "[No Variations]"
Add component (AddParameter): Name = "Supplier Part Number 1"; Value = "2698925"; VariantName = "[No Variations]"
Add component (AddParameter): Name = "Supplier Part Number 2"; Value = "SAM1198-08-ND"; VariantName = "[No Variations]"
Add component (AddParameter): Name = "Supplier Part Number 3"; Value = "2698940"; VariantName = "[No Variations]"
Added Component: Designator=Q1(FP-318-08-IPC_B)
Add component (AddParameter): Name = "Case/Package"; Value = "SOT-23"; VariantName = "[No Variations]"
Add component (AddParameter): Name = "Contact Plating"; Value = "Tin"; VariantName = "[No Variations]"
Add component (AddParameter): Name = "Continuous Drain Current (ID)"; Value = "220mA"; VariantName = "[No Variations]"
Add component (AddParameter): Name = "Current Rating"; Value = "220mA"; VariantName = "[No Variations]"
Add component (AddParameter): Name = "Drain to Source Breakdown Voltage"; Value = "50V"; VariantName = "[No Variations]"
Add component (AddParameter): Name = "Drain to Source Resistance"; Value = "3.5R"; VariantName = "[No Variations]"
Add component (AddParameter): Name = "Drain to Source Voltage (Vdss)"; Value = "50V"; VariantName = "[No Variations]"
Add component (AddParameter): Name = "Dual Supply Voltage"; Value = "50V"; VariantName = "[No Variations]"
Add component (AddParameter): Name = "Element Configuration"; Value = "Single"; VariantName = "[No Variations]"
Add component (AddParameter): Name = "Fall Time"; Value = "9ns"; VariantName = "[No Variations]"
Add component (AddParameter): Name = "Gate to Source Voltage (Vgs)"; Value = "20V"; VariantName = "[No Variations]"
Add component (AddParameter): Name = "Height"; Value = "0.93mm"; VariantName = "[No Variations]"
Add component (AddParameter): Name = "Input Capacitance"; Value = "27pF"; VariantName = "[No Variations]"
Add component (AddParameter): Name = "Lead Free"; Value = "Lead Free"; VariantName = "[No Variations]"
Add component (AddParameter): Name = "Length"; Value = "2.92mm"; VariantName = "[No Variations]"
Add component (AddParameter): Name = "Max Operating Temperature"; Value = "150°C"; VariantName = "[No Variations]"
Add component (AddParameter): Name = "Max Power Dissipation"; Value = "360mW"; VariantName = "[No Variations]"
Add component (AddParameter): Name = "Min Operating Temperature"; Value = "-55°C"; VariantName = "[No Variations]"
Add component (AddParameter): Name = "Mount"; Value = "Surface Mount"; VariantName = "[No Variations]"
Add component (AddParameter): Name = "Nominal Vgs"; Value = "1.3V"; VariantName = "[No Variations]"
Add component (AddParameter): Name = "Number of Elements"; Value = "1"; VariantName = "[No Variations]"
Add component (AddParameter): Name = "Number of Pins"; Value = "3"; VariantName = "[No Variations]"
Add component (AddParameter): Name = "On-State Resistance"; Value = "6R"; VariantName = "[No Variations]"
Add component (AddParameter): Name = "Package Quantity"; Value = "1"; VariantName = "[No Variations]"
Add component (AddParameter): Name = "Packaging"; Value = "Tape and Reel"; VariantName = "[No Variations]"
Add component (AddParameter): Name = "Power Dissipation"; Value = "360mW"; VariantName = "[No Variations]"
Add component (AddParameter): Name = "Radiation Hardening"; Value = "No"; VariantName = "[No Variations]"
Add component (AddParameter): Name = "Rds On Max"; Value = "3.5R"; VariantName = "[No Variations]"
Add component (AddParameter): Name = "REACH SVHC"; Value = "No SVHC"; VariantName = "[No Variations]"
Add component (AddParameter): Name = "Rise Time"; Value = "9ns"; VariantName = "[No Variations]"
Add component (AddParameter): Name = "Termination"; Value = "SMD/SMT"; VariantName = "[No Variations]"
Add component (AddParameter): Name = "Threshold Voltage"; Value = "1.3V"; VariantName = "[No Variations]"
Add component (AddParameter): Name = "Turn-Off Delay Time"; Value = "20ns"; VariantName = "[No Variations]"
Add component (AddParameter): Name = "Turn-On Delay Time"; Value = "2.5ns"; VariantName = "[No Variations]"
Add component (AddParameter): Name = "Voltage Rating (DC)"; Value = "50V"; VariantName = "[No Variations]"
Add component (AddParameter): Name = "Weight"; Value = "0.03g"; VariantName = "[No Variations]"
Add component (AddParameter): Name = "Width"; Value = "1.3mm"; VariantName = "[No Variations]"
Added Component: Designator=Q2(FP-318-08-IPC_B)
Add component (AddParameter): Name = "Case/Package"; Value = "SOT-23"; VariantName = "[No Variations]"
Add component (AddParameter): Name = "Contact Plating"; Value = "Tin"; VariantName = "[No Variations]"
Add component (AddParameter): Name = "Continuous Drain Current (ID)"; Value = "220mA"; VariantName = "[No Variations]"
Add component (AddParameter): Name = "Current Rating"; Value = "220mA"; VariantName = "[No Variations]"
Add component (AddParameter): Name = "Drain to Source Breakdown Voltage"; Value = "50V"; VariantName = "[No Variations]"
Add component (AddParameter): Name = "Drain to Source Resistance"; Value = "3.5R"; VariantName = "[No Variations]"
Add component (AddParameter): Name = "Drain to Source Voltage (Vdss)"; Value = "50V"; VariantName = "[No Variations]"
Add component (AddParameter): Name = "Dual Supply Voltage"; Value = "50V"; VariantName = "[No Variations]"
Add component (AddParameter): Name = "Element Configuration"; Value = "Single"; VariantName = "[No Variations]"
Add component (AddParameter): Name = "Fall Time"; Value = "9ns"; VariantName = "[No Variations]"
Add component (AddParameter): Name = "Gate to Source Voltage (Vgs)"; Value = "20V"; VariantName = "[No Variations]"
Add component (AddParameter): Name = "Height"; Value = "0.93mm"; VariantName = "[No Variations]"
Add component (AddParameter): Name = "Input Capacitance"; Value = "27pF"; VariantName = "[No Variations]"
Add component (AddParameter): Name = "Lead Free"; Value = "Lead Free"; VariantName = "[No Variations]"
Add component (AddParameter): Name = "Length"; Value = "2.92mm"; VariantName = "[No Variations]"
Add component (AddParameter): Name = "Max Operating Temperature"; Value = "150°C"; VariantName = "[No Variations]"
Add component (AddParameter): Name = "Max Power Dissipation"; Value = "360mW"; VariantName = "[No Variations]"
Add component (AddParameter): Name = "Min Operating Temperature"; Value = "-55°C"; VariantName = "[No Variations]"
Add component (AddParameter): Name = "Mount"; Value = "Surface Mount"; VariantName = "[No Variations]"
Add component (AddParameter): Name = "Nominal Vgs"; Value = "1.3V"; VariantName = "[No Variations]"
Add component (AddParameter): Name = "Number of Elements"; Value = "1"; VariantName = "[No Variations]"
Add component (AddParameter): Name = "Number of Pins"; Value = "3"; VariantName = "[No Variations]"
Add component (AddParameter): Name = "On-State Resistance"; Value = "6R"; VariantName = "[No Variations]"
Add component (AddParameter): Name = "Package Quantity"; Value = "1"; VariantName = "[No Variations]"
Add component (AddParameter): Name = "Packaging"; Value = "Tape and Reel"; VariantName = "[No Variations]"
Add component (AddParameter): Name = "Power Dissipation"; Value = "360mW"; VariantName = "[No Variations]"
Add component (AddParameter): Name = "Radiation Hardening"; Value = "No"; VariantName = "[No Variations]"
Add component (AddParameter): Name = "Rds On Max"; Value = "3.5R"; VariantName = "[No Variations]"
Add component (AddParameter): Name = "REACH SVHC"; Value = "No SVHC"; VariantName = "[No Variations]"
Add component (AddParameter): Name = "Rise Time"; Value = "9ns"; VariantName = "[No Variations]"
Add component (AddParameter): Name = "Termination"; Value = "SMD/SMT"; VariantName = "[No Variations]"
Add component (AddParameter): Name = "Threshold Voltage"; Value = "1.3V"; VariantName = "[No Variations]"
Add component (AddParameter): Name = "Turn-Off Delay Time"; Value = "20ns"; VariantName = "[No Variations]"
Add component (AddParameter): Name = "Turn-On Delay Time"; Value = "2.5ns"; VariantName = "[No Variations]"
Add component (AddParameter): Name = "Voltage Rating (DC)"; Value = "50V"; VariantName = "[No Variations]"
Add component (AddParameter): Name = "Weight"; Value = "0.03g"; VariantName = "[No Variations]"
Add component (AddParameter): Name = "Width"; Value = "1.3mm"; VariantName = "[No Variations]"
Added Component: Designator=Q3(FP-318-08-IPC_B)
Add component (AddParameter): Name = "Case/Package"; Value = "SOT-23"; VariantName = "[No Variations]"
Add component (AddParameter): Name = "Contact Plating"; Value = "Tin"; VariantName = "[No Variations]"
Add component (AddParameter): Name = "Continuous Drain Current (ID)"; Value = "220mA"; VariantName = "[No Variations]"
Add component (AddParameter): Name = "Current Rating"; Value = "220mA"; VariantName = "[No Variations]"
Add component (AddParameter): Name = "Drain to Source Breakdown Voltage"; Value = "50V"; VariantName = "[No Variations]"
Add component (AddParameter): Name = "Drain to Source Resistance"; Value = "3.5R"; VariantName = "[No Variations]"
Add component (AddParameter): Name = "Drain to Source Voltage (Vdss)"; Value = "50V"; VariantName = "[No Variations]"
Add component (AddParameter): Name = "Dual Supply Voltage"; Value = "50V"; VariantName = "[No Variations]"
Add component (AddParameter): Name = "Element Configuration"; Value = "Single"; VariantName = "[No Variations]"
Add component (AddParameter): Name = "Fall Time"; Value = "9ns"; VariantName = "[No Variations]"
Add component (AddParameter): Name = "Gate to Source Voltage (Vgs)"; Value = "20V"; VariantName = "[No Variations]"
Add component (AddParameter): Name = "Height"; Value = "0.93mm"; VariantName = "[No Variations]"
Add component (AddParameter): Name = "Input Capacitance"; Value = "27pF"; VariantName = "[No Variations]"
Add component (AddParameter): Name = "Lead Free"; Value = "Lead Free"; VariantName = "[No Variations]"
Add component (AddParameter): Name = "Length"; Value = "2.92mm"; VariantName = "[No Variations]"
Add component (AddParameter): Name = "Max Operating Temperature"; Value = "150°C"; VariantName = "[No Variations]"
Add component (AddParameter): Name = "Max Power Dissipation"; Value = "360mW"; VariantName = "[No Variations]"
Add component (AddParameter): Name = "Min Operating Temperature"; Value = "-55°C"; VariantName = "[No Variations]"
Add component (AddParameter): Name = "Mount"; Value = "Surface Mount"; VariantName = "[No Variations]"
Add component (AddParameter): Name = "Nominal Vgs"; Value = "1.3V"; VariantName = "[No Variations]"
Add component (AddParameter): Name = "Number of Elements"; Value = "1"; VariantName = "[No Variations]"
Add component (AddParameter): Name = "Number of Pins"; Value = "3"; VariantName = "[No Variations]"
Add component (AddParameter): Name = "On-State Resistance"; Value = "6R"; VariantName = "[No Variations]"
Add component (AddParameter): Name = "Package Quantity"; Value = "1"; VariantName = "[No Variations]"
Add component (AddParameter): Name = "Packaging"; Value = "Tape and Reel"; VariantName = "[No Variations]"
Add component (AddParameter): Name = "Power Dissipation"; Value = "360mW"; VariantName = "[No Variations]"
Add component (AddParameter): Name = "Radiation Hardening"; Value = "No"; VariantName = "[No Variations]"
Add component (AddParameter): Name = "Rds On Max"; Value = "3.5R"; VariantName = "[No Variations]"
Add component (AddParameter): Name = "REACH SVHC"; Value = "No SVHC"; VariantName = "[No Variations]"
Add component (AddParameter): Name = "Rise Time"; Value = "9ns"; VariantName = "[No Variations]"
Add component (AddParameter): Name = "Termination"; Value = "SMD/SMT"; VariantName = "[No Variations]"
Add component (AddParameter): Name = "Threshold Voltage"; Value = "1.3V"; VariantName = "[No Variations]"
Add component (AddParameter): Name = "Turn-Off Delay Time"; Value = "20ns"; VariantName = "[No Variations]"
Add component (AddParameter): Name = "Turn-On Delay Time"; Value = "2.5ns"; VariantName = "[No Variations]"
Add component (AddParameter): Name = "Voltage Rating (DC)"; Value = "50V"; VariantName = "[No Variations]"
Add component (AddParameter): Name = "Weight"; Value = "0.03g"; VariantName = "[No Variations]"
Add component (AddParameter): Name = "Width"; Value = "1.3mm"; VariantName = "[No Variations]"
Added Component: Designator=Q4(FP-318-08-IPC_B)
Add component (AddParameter): Name = "Case/Package"; Value = "SOT-23"; VariantName = "[No Variations]"
Add component (AddParameter): Name = "Contact Plating"; Value = "Tin"; VariantName = "[No Variations]"
Add component (AddParameter): Name = "Continuous Drain Current (ID)"; Value = "220mA"; VariantName = "[No Variations]"
Add component (AddParameter): Name = "Current Rating"; Value = "220mA"; VariantName = "[No Variations]"
Add component (AddParameter): Name = "Drain to Source Breakdown Voltage"; Value = "50V"; VariantName = "[No Variations]"
Add component (AddParameter): Name = "Drain to Source Resistance"; Value = "3.5R"; VariantName = "[No Variations]"
Add component (AddParameter): Name = "Drain to Source Voltage (Vdss)"; Value = "50V"; VariantName = "[No Variations]"
Add component (AddParameter): Name = "Dual Supply Voltage"; Value = "50V"; VariantName = "[No Variations]"
Add component (AddParameter): Name = "Element Configuration"; Value = "Single"; VariantName = "[No Variations]"
Add component (AddParameter): Name = "Fall Time"; Value = "9ns"; VariantName = "[No Variations]"
Add component (AddParameter): Name = "Gate to Source Voltage (Vgs)"; Value = "20V"; VariantName = "[No Variations]"
Add component (AddParameter): Name = "Height"; Value = "0.93mm"; VariantName = "[No Variations]"
Add component (AddParameter): Name = "Input Capacitance"; Value = "27pF"; VariantName = "[No Variations]"
Add component (AddParameter): Name = "Lead Free"; Value = "Lead Free"; VariantName = "[No Variations]"
Add component (AddParameter): Name = "Length"; Value = "2.92mm"; VariantName = "[No Variations]"
Add component (AddParameter): Name = "Max Operating Temperature"; Value = "150°C"; VariantName = "[No Variations]"
Add component (AddParameter): Name = "Max Power Dissipation"; Value = "360mW"; VariantName = "[No Variations]"
Add component (AddParameter): Name = "Min Operating Temperature"; Value = "-55°C"; VariantName = "[No Variations]"
Add component (AddParameter): Name = "Mount"; Value = "Surface Mount"; VariantName = "[No Variations]"
Add component (AddParameter): Name = "Nominal Vgs"; Value = "1.3V"; VariantName = "[No Variations]"
Add component (AddParameter): Name = "Number of Elements"; Value = "1"; VariantName = "[No Variations]"
Add component (AddParameter): Name = "Number of Pins"; Value = "3"; VariantName = "[No Variations]"
Add component (AddParameter): Name = "On-State Resistance"; Value = "6R"; VariantName = "[No Variations]"
Add component (AddParameter): Name = "Package Quantity"; Value = "1"; VariantName = "[No Variations]"
Add component (AddParameter): Name = "Packaging"; Value = "Tape and Reel"; VariantName = "[No Variations]"
Add component (AddParameter): Name = "Power Dissipation"; Value = "360mW"; VariantName = "[No Variations]"
Add component (AddParameter): Name = "Radiation Hardening"; Value = "No"; VariantName = "[No Variations]"
Add component (AddParameter): Name = "Rds On Max"; Value = "3.5R"; VariantName = "[No Variations]"
Add component (AddParameter): Name = "REACH SVHC"; Value = "No SVHC"; VariantName = "[No Variations]"
Add component (AddParameter): Name = "Rise Time"; Value = "9ns"; VariantName = "[No Variations]"
Add component (AddParameter): Name = "Termination"; Value = "SMD/SMT"; VariantName = "[No Variations]"
Add component (AddParameter): Name = "Threshold Voltage"; Value = "1.3V"; VariantName = "[No Variations]"
Add component (AddParameter): Name = "Turn-Off Delay Time"; Value = "20ns"; VariantName = "[No Variations]"
Add component (AddParameter): Name = "Turn-On Delay Time"; Value = "2.5ns"; VariantName = "[No Variations]"
Add component (AddParameter): Name = "Voltage Rating (DC)"; Value = "50V"; VariantName = "[No Variations]"
Add component (AddParameter): Name = "Weight"; Value = "0.03g"; VariantName = "[No Variations]"
Add component (AddParameter): Name = "Width"; Value = "1.3mm"; VariantName = "[No Variations]"
Added Component: Designator=R1(0603_RES_HD)
Add component (AddParameter): Name = "GFUPartNo"; Value = "CRCW060316K5FKEA"; VariantName = "[No Variations]"
Add component (AddParameter): Name = "Manufacturer 1"; Value = "Vishay"; VariantName = "[No Variations]"
Add component (AddParameter): Name = "Manufacturer Part Number 1"; Value = "CRCW060316K5FKEA"; VariantName = "[No Variations]"
Add component (AddParameter): Name = "Part Type"; Value = "SMT"; VariantName = "[No Variations]"
Add component (AddParameter): Name = "Supplier 1"; Value = "Digi-Key"; VariantName = "[No Variations]"
Add component (AddParameter): Name = "Supplier Part Number 1"; Value = "541-16.5KHCT-ND"; VariantName = "[No Variations]"
Added Component: Designator=R2(0603_RES_HD)
Add component (AddParameter): Name = "GFUPartNo"; Value = "CRCW060316K5FKEA"; VariantName = "[No Variations]"
Add component (AddParameter): Name = "Manufacturer 1"; Value = "Vishay"; VariantName = "[No Variations]"
Add component (AddParameter): Name = "Manufacturer Part Number 1"; Value = "CRCW060316K5FKEA"; VariantName = "[No Variations]"
Add component (AddParameter): Name = "Part Type"; Value = "SMT"; VariantName = "[No Variations]"
Add component (AddParameter): Name = "Supplier 1"; Value = "Digi-Key"; VariantName = "[No Variations]"
Add component (AddParameter): Name = "Supplier Part Number 1"; Value = "541-16.5KHCT-ND"; VariantName = "[No Variations]"
Added Component: Designator=R3(0603_RES_HD)
Add component (AddParameter): Name = "GFUPartNo"; Value = "CRCW060316K5FKEA"; VariantName = "[No Variations]"
Add component (AddParameter): Name = "Manufacturer 1"; Value = "Vishay"; VariantName = "[No Variations]"
Add component (AddParameter): Name = "Manufacturer Part Number 1"; Value = "CRCW060316K5FKEA"; VariantName = "[No Variations]"
Add component (AddParameter): Name = "Part Type"; Value = "SMT"; VariantName = "[No Variations]"
Add component (AddParameter): Name = "Supplier 1"; Value = "Digi-Key"; VariantName = "[No Variations]"
Add component (AddParameter): Name = "Supplier Part Number 1"; Value = "541-16.5KHCT-ND"; VariantName = "[No Variations]"
Added Component: Designator=R4(0603_RES_HD)
Add component (AddParameter): Name = "GFUPartNo"; Value = "CRCW060316K5FKEA"; VariantName = "[No Variations]"
Add component (AddParameter): Name = "Manufacturer 1"; Value = "Vishay"; VariantName = "[No Variations]"
Add component (AddParameter): Name = "Manufacturer Part Number 1"; Value = "CRCW060316K5FKEA"; VariantName = "[No Variations]"
Add component (AddParameter): Name = "Part Type"; Value = "SMT"; VariantName = "[No Variations]"
Add component (AddParameter): Name = "Supplier 1"; Value = "Digi-Key"; VariantName = "[No Variations]"
Add component (AddParameter): Name = "Supplier Part Number 1"; Value = "541-16.5KHCT-ND"; VariantName = "[No Variations]"
Added Component: Designator=R5(0603_RES_HD)
Add component (AddParameter): Name = "GFUPartNo"; Value = "CRCW060316K5FKEA"; VariantName = "[No Variations]"
Add component (AddParameter): Name = "Manufacturer 1"; Value = "Vishay"; VariantName = "[No Variations]"
Add component (AddParameter): Name = "Manufacturer Part Number 1"; Value = "CRCW060316K5FKEA"; VariantName = "[No Variations]"
Add component (AddParameter): Name = "Part Type"; Value = "SMT"; VariantName = "[No Variations]"
Add component (AddParameter): Name = "Supplier 1"; Value = "Digi-Key"; VariantName = "[No Variations]"
Add component (AddParameter): Name = "Supplier Part Number 1"; Value = "541-16.5KHCT-ND"; VariantName = "[No Variations]"
Added Component: Designator=R6(0603_RES_HD)
Add component (AddParameter): Name = "GFUPartNo"; Value = "CRCW060316K5FKEA"; VariantName = "[No Variations]"
Add component (AddParameter): Name = "Manufacturer 1"; Value = "Vishay"; VariantName = "[No Variations]"
Add component (AddParameter): Name = "Manufacturer Part Number 1"; Value = "CRCW060316K5FKEA"; VariantName = "[No Variations]"
Add component (AddParameter): Name = "Part Type"; Value = "SMT"; VariantName = "[No Variations]"
Add component (AddParameter): Name = "Supplier 1"; Value = "Digi-Key"; VariantName = "[No Variations]"
Add component (AddParameter): Name = "Supplier Part Number 1"; Value = "541-16.5KHCT-ND"; VariantName = "[No Variations]"
Added Component: Designator=R7(0603_RES_HD)
Add component (AddParameter): Name = "GFUPartNo"; Value = "CRCW060316K5FKEA"; VariantName = "[No Variations]"
Add component (AddParameter): Name = "Manufacturer 1"; Value = "Vishay"; VariantName = "[No Variations]"
Add component (AddParameter): Name = "Manufacturer Part Number 1"; Value = "CRCW060316K5FKEA"; VariantName = "[No Variations]"
Add component (AddParameter): Name = "Part Type"; Value = "SMT"; VariantName = "[No Variations]"
Add component (AddParameter): Name = "Supplier 1"; Value = "Digi-Key"; VariantName = "[No Variations]"
Add component (AddParameter): Name = "Supplier Part Number 1"; Value = "541-16.5KHCT-ND"; VariantName = "[No Variations]"
Added Component: Designator=R8(0603_RES_HD)
Add component (AddParameter): Name = "GFUPartNo"; Value = "CRCW060316K5FKEA"; VariantName = "[No Variations]"
Add component (AddParameter): Name = "Manufacturer 1"; Value = "Vishay"; VariantName = "[No Variations]"
Add component (AddParameter): Name = "Manufacturer Part Number 1"; Value = "CRCW060316K5FKEA"; VariantName = "[No Variations]"
Add component (AddParameter): Name = "Part Type"; Value = "SMT"; VariantName = "[No Variations]"
Add component (AddParameter): Name = "Supplier 1"; Value = "Digi-Key"; VariantName = "[No Variations]"
Add component (AddParameter): Name = "Supplier Part Number 1"; Value = "541-16.5KHCT-ND"; VariantName = "[No Variations]"
Added Component: Designator=R9(0603_RES_HD)
Add component (AddParameter): Name = "GFUPartNo"; Value = "CRCW060316K5FKEA"; VariantName = "[No Variations]"
Add component (AddParameter): Name = "Manufacturer 1"; Value = "Vishay"; VariantName = "[No Variations]"
Add component (AddParameter): Name = "Manufacturer Part Number 1"; Value = "CRCW060316K5FKEA"; VariantName = "[No Variations]"
Add component (AddParameter): Name = "Part Type"; Value = "SMT"; VariantName = "[No Variations]"
Add component (AddParameter): Name = "Supplier 1"; Value = "Digi-Key"; VariantName = "[No Variations]"
Add component (AddParameter): Name = "Supplier Part Number 1"; Value = "541-16.5KHCT-ND"; VariantName = "[No Variations]"
Added Component: Designator=R10(0603_RES_HD)
Add component (AddParameter): Name = "GFUPartNo"; Value = "CRCW060316K5FKEA"; VariantName = "[No Variations]"
Add component (AddParameter): Name = "Manufacturer 1"; Value = "Vishay"; VariantName = "[No Variations]"
Add component (AddParameter): Name = "Manufacturer Part Number 1"; Value = "CRCW060316K5FKEA"; VariantName = "[No Variations]"
Add component (AddParameter): Name = "Part Type"; Value = "SMT"; VariantName = "[No Variations]"
Add component (AddParameter): Name = "Supplier 1"; Value = "Digi-Key"; VariantName = "[No Variations]"
Add component (AddParameter): Name = "Supplier Part Number 1"; Value = "541-16.5KHCT-ND"; VariantName = "[No Variations]"
Added Component: Designator=R11(0603_RES_HD)
Add component (AddParameter): Name = "GFUPartNo"; Value = "CRCW060316K5FKEA"; VariantName = "[No Variations]"
Add component (AddParameter): Name = "Manufacturer 1"; Value = "Vishay"; VariantName = "[No Variations]"
Add component (AddParameter): Name = "Manufacturer Part Number 1"; Value = "CRCW060316K5FKEA"; VariantName = "[No Variations]"
Add component (AddParameter): Name = "Part Type"; Value = "SMT"; VariantName = "[No Variations]"
Add component (AddParameter): Name = "Supplier 1"; Value = "Digi-Key"; VariantName = "[No Variations]"
Add component (AddParameter): Name = "Supplier Part Number 1"; Value = "541-16.5KHCT-ND"; VariantName = "[No Variations]"
Added Component: Designator=R12(0603_RES_HD)
Add component (AddParameter): Name = "GFUPartNo"; Value = "CRCW060316K5FKEA"; VariantName = "[No Variations]"
Add component (AddParameter): Name = "Manufacturer 1"; Value = "Vishay"; VariantName = "[No Variations]"
Add component (AddParameter): Name = "Manufacturer Part Number 1"; Value = "CRCW060316K5FKEA"; VariantName = "[No Variations]"
Add component (AddParameter): Name = "Part Type"; Value = "SMT"; VariantName = "[No Variations]"
Add component (AddParameter): Name = "Supplier 1"; Value = "Digi-Key"; VariantName = "[No Variations]"
Add component (AddParameter): Name = "Supplier Part Number 1"; Value = "541-16.5KHCT-ND"; VariantName = "[No Variations]"
Added Component: Designator=R13(0603_RES_HD)
Add component (AddParameter): Name = "GFUPartNo"; Value = "CRCW060316K5FKEA"; VariantName = "[No Variations]"
Add component (AddParameter): Name = "Manufacturer 1"; Value = "Vishay"; VariantName = "[No Variations]"
Add component (AddParameter): Name = "Manufacturer Part Number 1"; Value = "CRCW060316K5FKEA"; VariantName = "[No Variations]"
Add component (AddParameter): Name = "Part Type"; Value = "SMT"; VariantName = "[No Variations]"
Add component (AddParameter): Name = "Supplier 1"; Value = "Digi-Key"; VariantName = "[No Variations]"
Add component (AddParameter): Name = "Supplier Part Number 1"; Value = "541-16.5KHCT-ND"; VariantName = "[No Variations]"
Added Component: Designator=R14(0603_RES_HD)
Add component (AddParameter): Name = "GFUPartNo"; Value = "CRCW060316K5FKEA"; VariantName = "[No Variations]"
Add component (AddParameter): Name = "Manufacturer 1"; Value = "Vishay"; VariantName = "[No Variations]"
Add component (AddParameter): Name = "Manufacturer Part Number 1"; Value = "CRCW060316K5FKEA"; VariantName = "[No Variations]"
Add component (AddParameter): Name = "Part Type"; Value = "SMT"; VariantName = "[No Variations]"
Add component (AddParameter): Name = "Supplier 1"; Value = "Digi-Key"; VariantName = "[No Variations]"
Add component (AddParameter): Name = "Supplier Part Number 1"; Value = "541-16.5KHCT-ND"; VariantName = "[No Variations]"
Added Component: Designator=R15(0603_RES_HD)
Add component (AddParameter): Name = "GFUPartNo"; Value = "CRCW060316K5FKEA"; VariantName = "[No Variations]"
Add component (AddParameter): Name = "Manufacturer 1"; Value = "Vishay"; VariantName = "[No Variations]"
Add component (AddParameter): Name = "Manufacturer Part Number 1"; Value = "CRCW060316K5FKEA"; VariantName = "[No Variations]"
Add component (AddParameter): Name = "Part Type"; Value = "SMT"; VariantName = "[No Variations]"
Add component (AddParameter): Name = "Supplier 1"; Value = "Digi-Key"; VariantName = "[No Variations]"
Add component (AddParameter): Name = "Supplier Part Number 1"; Value = "541-16.5KHCT-ND"; VariantName = "[No Variations]"
Added Component: Designator=R16(0603_RES_HD)
Add component (AddParameter): Name = "GFUPartNo"; Value = "CRCW060316K5FKEA"; VariantName = "[No Variations]"
Add component (AddParameter): Name = "Manufacturer 1"; Value = "Vishay"; VariantName = "[No Variations]"
Add component (AddParameter): Name = "Manufacturer Part Number 1"; Value = "CRCW060316K5FKEA"; VariantName = "[No Variations]"
Add component (AddParameter): Name = "Part Type"; Value = "SMT"; VariantName = "[No Variations]"
Add component (AddParameter): Name = "Supplier 1"; Value = "Digi-Key"; VariantName = "[No Variations]"
Add component (AddParameter): Name = "Supplier Part Number 1"; Value = "541-16.5KHCT-ND"; VariantName = "[No Variations]"
Added Component: Designator=R17(0603_RES_HD)
Add component (AddParameter): Name = "GFUPartNo"; Value = "CRCW060316K5FKEA"; VariantName = "[No Variations]"
Add component (AddParameter): Name = "Manufacturer 1"; Value = "Vishay"; VariantName = "[No Variations]"
Add component (AddParameter): Name = "Manufacturer Part Number 1"; Value = "CRCW060316K5FKEA"; VariantName = "[No Variations]"
Add component (AddParameter): Name = "Part Type"; Value = "SMT"; VariantName = "[No Variations]"
Add component (AddParameter): Name = "Supplier 1"; Value = "Digi-Key"; VariantName = "[No Variations]"
Add component (AddParameter): Name = "Supplier Part Number 1"; Value = "541-16.5KHCT-ND"; VariantName = "[No Variations]"
Added Component: Designator=R18(0603_RES_HD)
Add component (AddParameter): Name = "GFUPartNo"; Value = "CRCW060316K5FKEA"; VariantName = "[No Variations]"
Add component (AddParameter): Name = "Manufacturer 1"; Value = "Vishay"; VariantName = "[No Variations]"
Add component (AddParameter): Name = "Manufacturer Part Number 1"; Value = "CRCW060316K5FKEA"; VariantName = "[No Variations]"
Add component (AddParameter): Name = "Part Type"; Value = "SMT"; VariantName = "[No Variations]"
Add component (AddParameter): Name = "Supplier 1"; Value = "Digi-Key"; VariantName = "[No Variations]"
Add component (AddParameter): Name = "Supplier Part Number 1"; Value = "541-16.5KHCT-ND"; VariantName = "[No Variations]"
Added Component: Designator=R19(0603_RES_HD)
Add component (AddParameter): Name = "GFUPartNo"; Value = "CRCW060316K5FKEA"; VariantName = "[No Variations]"
Add component (AddParameter): Name = "Manufacturer 1"; Value = "Vishay"; VariantName = "[No Variations]"
Add component (AddParameter): Name = "Manufacturer Part Number 1"; Value = "CRCW060316K5FKEA"; VariantName = "[No Variations]"
Add component (AddParameter): Name = "Part Type"; Value = "SMT"; VariantName = "[No Variations]"
Add component (AddParameter): Name = "Supplier 1"; Value = "Digi-Key"; VariantName = "[No Variations]"
Add component (AddParameter): Name = "Supplier Part Number 1"; Value = "541-16.5KHCT-ND"; VariantName = "[No Variations]"
Added Component: Designator=R20(0603_RES_HD)
Add component (AddParameter): Name = "GFUPartNo"; Value = "CRCW060316K5FKEA"; VariantName = "[No Variations]"
Add component (AddParameter): Name = "Manufacturer 1"; Value = "Vishay"; VariantName = "[No Variations]"
Add component (AddParameter): Name = "Manufacturer Part Number 1"; Value = "CRCW060316K5FKEA"; VariantName = "[No Variations]"
Add component (AddParameter): Name = "Part Type"; Value = "SMT"; VariantName = "[No Variations]"
Add component (AddParameter): Name = "Supplier 1"; Value = "Digi-Key"; VariantName = "[No Variations]"
Add component (AddParameter): Name = "Supplier Part Number 1"; Value = "541-16.5KHCT-ND"; VariantName = "[No Variations]"
Added Component: Designator=R21(0603_RES_HD)
Add component (AddParameter): Name = "GFUPartNo"; Value = "CRCW060316K5FKEA"; VariantName = "[No Variations]"
Add component (AddParameter): Name = "Manufacturer 1"; Value = "Vishay"; VariantName = "[No Variations]"
Add component (AddParameter): Name = "Manufacturer Part Number 1"; Value = "CRCW060316K5FKEA"; VariantName = "[No Variations]"
Add component (AddParameter): Name = "Part Type"; Value = "SMT"; VariantName = "[No Variations]"
Add component (AddParameter): Name = "Supplier 1"; Value = "Digi-Key"; VariantName = "[No Variations]"
Add component (AddParameter): Name = "Supplier Part Number 1"; Value = "541-16.5KHCT-ND"; VariantName = "[No Variations]"
Added Component: Designator=R22(0603_RES_HD)
Add component (AddParameter): Name = "GFUPartNo"; Value = "CRCW060316K5FKEA"; VariantName = "[No Variations]"
Add component (AddParameter): Name = "Manufacturer 1"; Value = "Vishay"; VariantName = "[No Variations]"
Add component (AddParameter): Name = "Manufacturer Part Number 1"; Value = "CRCW060316K5FKEA"; VariantName = "[No Variations]"
Add component (AddParameter): Name = "Part Type"; Value = "SMT"; VariantName = "[No Variations]"
Add component (AddParameter): Name = "Supplier 1"; Value = "Digi-Key"; VariantName = "[No Variations]"
Add component (AddParameter): Name = "Supplier Part Number 1"; Value = "541-16.5KHCT-ND"; VariantName = "[No Variations]"
Added Component: Designator=R23(0603_RES_HD)
Add component (AddParameter): Name = "GFUPartNo"; Value = "CRCW060316K5FKEA"; VariantName = "[No Variations]"
Add component (AddParameter): Name = "Manufacturer 1"; Value = "Vishay"; VariantName = "[No Variations]"
Add component (AddParameter): Name = "Manufacturer Part Number 1"; Value = "CRCW060316K5FKEA"; VariantName = "[No Variations]"
Add component (AddParameter): Name = "Part Type"; Value = "SMT"; VariantName = "[No Variations]"
Add component (AddParameter): Name = "Supplier 1"; Value = "Digi-Key"; VariantName = "[No Variations]"
Add component (AddParameter): Name = "Supplier Part Number 1"; Value = "541-16.5KHCT-ND"; VariantName = "[No Variations]"
Added Component: Designator=R24(0603_RES_HD)
Add component (AddParameter): Name = "GFUPartNo"; Value = "CRCW060316K5FKEA"; VariantName = "[No Variations]"
Add component (AddParameter): Name = "Manufacturer 1"; Value = "Vishay"; VariantName = "[No Variations]"
Add component (AddParameter): Name = "Manufacturer Part Number 1"; Value = "CRCW060316K5FKEA"; VariantName = "[No Variations]"
Add component (AddParameter): Name = "Part Type"; Value = "SMT"; VariantName = "[No Variations]"
Add component (AddParameter): Name = "Supplier 1"; Value = "Digi-Key"; VariantName = "[No Variations]"
Add component (AddParameter): Name = "Supplier Part Number 1"; Value = "541-16.5KHCT-ND"; VariantName = "[No Variations]"
Added Component: Designator=R25(0603_RES_HD)
Add component (AddParameter): Name = "GFUPartNo"; Value = "CRCW060316K5FKEA"; VariantName = "[No Variations]"
Add component (AddParameter): Name = "Manufacturer 1"; Value = "Vishay"; VariantName = "[No Variations]"
Add component (AddParameter): Name = "Manufacturer Part Number 1"; Value = "CRCW060316K5FKEA"; VariantName = "[No Variations]"
Add component (AddParameter): Name = "Part Type"; Value = "SMT"; VariantName = "[No Variations]"
Add component (AddParameter): Name = "Supplier 1"; Value = "Digi-Key"; VariantName = "[No Variations]"
Add component (AddParameter): Name = "Supplier Part Number 1"; Value = "541-16.5KHCT-ND"; VariantName = "[No Variations]"
Added Component: Designator=R26(0603_RES_HD)
Add component (AddParameter): Name = "GFUPartNo"; Value = "CRCW060316K5FKEA"; VariantName = "[No Variations]"
Add component (AddParameter): Name = "Manufacturer 1"; Value = "Vishay"; VariantName = "[No Variations]"
Add component (AddParameter): Name = "Manufacturer Part Number 1"; Value = "CRCW060316K5FKEA"; VariantName = "[No Variations]"
Add component (AddParameter): Name = "Part Type"; Value = "SMT"; VariantName = "[No Variations]"
Add component (AddParameter): Name = "Supplier 1"; Value = "Digi-Key"; VariantName = "[No Variations]"
Add component (AddParameter): Name = "Supplier Part Number 1"; Value = "541-16.5KHCT-ND"; VariantName = "[No Variations]"
Added Component: Designator=R27(0603_RES_HD)
Add component (AddParameter): Name = "GFUPartNo"; Value = "CRCW060316K5FKEA"; VariantName = "[No Variations]"
Add component (AddParameter): Name = "Manufacturer 1"; Value = "Vishay"; VariantName = "[No Variations]"
Add component (AddParameter): Name = "Manufacturer Part Number 1"; Value = "CRCW060316K5FKEA"; VariantName = "[No Variations]"
Add component (AddParameter): Name = "Part Type"; Value = "SMT"; VariantName = "[No Variations]"
Add component (AddParameter): Name = "Supplier 1"; Value = "Digi-Key"; VariantName = "[No Variations]"
Add component (AddParameter): Name = "Supplier Part Number 1"; Value = "541-16.5KHCT-ND"; VariantName = "[No Variations]"
Added Component: Designator=R28(0603_RES_HD)
Add component (AddParameter): Name = "GFUPartNo"; Value = "CRCW060316K5FKEA"; VariantName = "[No Variations]"
Add component (AddParameter): Name = "Manufacturer 1"; Value = "Vishay"; VariantName = "[No Variations]"
Add component (AddParameter): Name = "Manufacturer Part Number 1"; Value = "CRCW060316K5FKEA"; VariantName = "[No Variations]"
Add component (AddParameter): Name = "Part Type"; Value = "SMT"; VariantName = "[No Variations]"
Add component (AddParameter): Name = "Supplier 1"; Value = "Digi-Key"; VariantName = "[No Variations]"
Add component (AddParameter): Name = "Supplier Part Number 1"; Value = "541-16.5KHCT-ND"; VariantName = "[No Variations]"
Added Component: Designator=R29(0603_RES_HD)
Add component (AddParameter): Name = "GFUPartNo"; Value = "CRCW060316K5FKEA"; VariantName = "[No Variations]"
Add component (AddParameter): Name = "Manufacturer 1"; Value = "Vishay"; VariantName = "[No Variations]"
Add component (AddParameter): Name = "Manufacturer Part Number 1"; Value = "CRCW060316K5FKEA"; VariantName = "[No Variations]"
Add component (AddParameter): Name = "Part Type"; Value = "SMT"; VariantName = "[No Variations]"
Add component (AddParameter): Name = "Supplier 1"; Value = "Digi-Key"; VariantName = "[No Variations]"
Add component (AddParameter): Name = "Supplier Part Number 1"; Value = "541-16.5KHCT-ND"; VariantName = "[No Variations]"
Added Component: Designator=R30(0603_RES_HD)
Add component (AddParameter): Name = "GFUPartNo"; Value = "CRCW060316K5FKEA"; VariantName = "[No Variations]"
Add component (AddParameter): Name = "Manufacturer 1"; Value = "Vishay"; VariantName = "[No Variations]"
Add component (AddParameter): Name = "Manufacturer Part Number 1"; Value = "CRCW060316K5FKEA"; VariantName = "[No Variations]"
Add component (AddParameter): Name = "Part Type"; Value = "SMT"; VariantName = "[No Variations]"
Add component (AddParameter): Name = "Supplier 1"; Value = "Digi-Key"; VariantName = "[No Variations]"
Add component (AddParameter): Name = "Supplier Part Number 1"; Value = "541-16.5KHCT-ND"; VariantName = "[No Variations]"
Added Component: Designator=R31(0603_RES_HD)
Add component (AddParameter): Name = "GFUPartNo"; Value = "CRCW060316K5FKEA"; VariantName = "[No Variations]"
Add component (AddParameter): Name = "Manufacturer 1"; Value = "Vishay"; VariantName = "[No Variations]"
Add component (AddParameter): Name = "Manufacturer Part Number 1"; Value = "CRCW060316K5FKEA"; VariantName = "[No Variations]"
Add component (AddParameter): Name = "Part Type"; Value = "SMT"; VariantName = "[No Variations]"
Add component (AddParameter): Name = "Supplier 1"; Value = "Digi-Key"; VariantName = "[No Variations]"
Add component (AddParameter): Name = "Supplier Part Number 1"; Value = "541-16.5KHCT-ND"; VariantName = "[No Variations]"
Added Component: Designator=R32(0603_RES_HD)
Add component (AddParameter): Name = "GFUPartNo"; Value = "CRCW060316K5FKEA"; VariantName = "[No Variations]"
Add component (AddParameter): Name = "Manufacturer 1"; Value = "Vishay"; VariantName = "[No Variations]"
Add component (AddParameter): Name = "Manufacturer Part Number 1"; Value = "CRCW060316K5FKEA"; VariantName = "[No Variations]"
Add component (AddParameter): Name = "Part Type"; Value = "SMT"; VariantName = "[No Variations]"
Add component (AddParameter): Name = "Supplier 1"; Value = "Digi-Key"; VariantName = "[No Variations]"
Add component (AddParameter): Name = "Supplier Part Number 1"; Value = "541-16.5KHCT-ND"; VariantName = "[No Variations]"
Added Component: Designator=R33(0603_RES_HD)
Add component (AddParameter): Name = "GFUPartNo"; Value = "CRCW060316K5FKEA"; VariantName = "[No Variations]"
Add component (AddParameter): Name = "Manufacturer 1"; Value = "Vishay"; VariantName = "[No Variations]"
Add component (AddParameter): Name = "Manufacturer Part Number 1"; Value = "CRCW060316K5FKEA"; VariantName = "[No Variations]"
Add component (AddParameter): Name = "Part Type"; Value = "SMT"; VariantName = "[No Variations]"
Add component (AddParameter): Name = "Supplier 1"; Value = "Digi-Key"; VariantName = "[No Variations]"
Add component (AddParameter): Name = "Supplier Part Number 1"; Value = "541-16.5KHCT-ND"; VariantName = "[No Variations]"
Added Component: Designator=R34(0603_RES_HD)
Add component (AddParameter): Name = "GFUPartNo"; Value = "CRCW060316K5FKEA"; VariantName = "[No Variations]"
Add component (AddParameter): Name = "Manufacturer 1"; Value = "Vishay"; VariantName = "[No Variations]"
Add component (AddParameter): Name = "Manufacturer Part Number 1"; Value = "CRCW060316K5FKEA"; VariantName = "[No Variations]"
Add component (AddParameter): Name = "Part Type"; Value = "SMT"; VariantName = "[No Variations]"
Add component (AddParameter): Name = "Supplier 1"; Value = "Digi-Key"; VariantName = "[No Variations]"
Add component (AddParameter): Name = "Supplier Part Number 1"; Value = "541-16.5KHCT-ND"; VariantName = "[No Variations]"
Added Component: Designator=R35(0603_RES_HD)
Add component (AddParameter): Name = "GFUPartNo"; Value = "CRCW060316K5FKEA"; VariantName = "[No Variations]"
Add component (AddParameter): Name = "Manufacturer 1"; Value = "Vishay"; VariantName = "[No Variations]"
Add component (AddParameter): Name = "Manufacturer Part Number 1"; Value = "CRCW060316K5FKEA"; VariantName = "[No Variations]"
Add component (AddParameter): Name = "Part Type"; Value = "SMT"; VariantName = "[No Variations]"
Add component (AddParameter): Name = "Supplier 1"; Value = "Digi-Key"; VariantName = "[No Variations]"
Add component (AddParameter): Name = "Supplier Part Number 1"; Value = "541-16.5KHCT-ND"; VariantName = "[No Variations]"
Added Component: Designator=R36(0603_RES_HD)
Add component (AddParameter): Name = "GFUPartNo"; Value = "CRCW060316K5FKEA"; VariantName = "[No Variations]"
Add component (AddParameter): Name = "Manufacturer 1"; Value = "Vishay"; VariantName = "[No Variations]"
Add component (AddParameter): Name = "Manufacturer Part Number 1"; Value = "CRCW060316K5FKEA"; VariantName = "[No Variations]"
Add component (AddParameter): Name = "Part Type"; Value = "SMT"; VariantName = "[No Variations]"
Add component (AddParameter): Name = "Supplier 1"; Value = "Digi-Key"; VariantName = "[No Variations]"
Add component (AddParameter): Name = "Supplier Part Number 1"; Value = "541-16.5KHCT-ND"; VariantName = "[No Variations]"
Added Component: Designator=R37(0603_RES_HD)
Add component (AddParameter): Name = "GFUPartNo"; Value = "CRCW060316K5FKEA"; VariantName = "[No Variations]"
Add component (AddParameter): Name = "Manufacturer 1"; Value = "Vishay"; VariantName = "[No Variations]"
Add component (AddParameter): Name = "Manufacturer Part Number 1"; Value = "CRCW060316K5FKEA"; VariantName = "[No Variations]"
Add component (AddParameter): Name = "Part Type"; Value = "SMT"; VariantName = "[No Variations]"
Add component (AddParameter): Name = "Supplier 1"; Value = "Digi-Key"; VariantName = "[No Variations]"
Add component (AddParameter): Name = "Supplier Part Number 1"; Value = "541-16.5KHCT-ND"; VariantName = "[No Variations]"
Added Component: Designator=R38(0603_RES_HD)
Add component (AddParameter): Name = "GFUPartNo"; Value = "CRCW060316K5FKEA"; VariantName = "[No Variations]"
Add component (AddParameter): Name = "Manufacturer 1"; Value = "Vishay"; VariantName = "[No Variations]"
Add component (AddParameter): Name = "Manufacturer Part Number 1"; Value = "CRCW060316K5FKEA"; VariantName = "[No Variations]"
Add component (AddParameter): Name = "Part Type"; Value = "SMT"; VariantName = "[No Variations]"
Add component (AddParameter): Name = "Supplier 1"; Value = "Digi-Key"; VariantName = "[No Variations]"
Add component (AddParameter): Name = "Supplier Part Number 1"; Value = "541-16.5KHCT-ND"; VariantName = "[No Variations]"
Added Pin To Net: NetName=GND Pin=POWER1-2
Added Pin To Net: NetName=GND Pin=POWER1-3
Added Pin To Net: NetName=E Pin=R1-2
Added Pin To Net: NetName=B Pin=R2-1
Added Pin To Net: NetName=L Pin=R3-2
Added Pin To Net: NetName=A Pin=R4-1
Added Pin To Net: NetName=M Pin=R5-2
Added Pin To Net: NetName=G1 Pin=R6-1
Added Pin To Net: NetName=N Pin=R7-2
Added Pin To Net: NetName=K Pin=R8-1
Added Pin To Net: NetName=G2 Pin=R10-2
Added Pin To Net: NetName=J Pin=R11-1
Added Pin To Net: NetName=D Pin=R13-2
Added Pin To Net: NetName=H Pin=R14-1
Added Pin To Net: NetName=DP Pin=R15-2
Added Pin To Net: NetName=BLANK2 Pin=R16-2
Added Pin To Net: NetName=F Pin=R17-1
Added Pin To Net: NetName=C Pin=R18-2
Added Pin To Net: NetName=BLANK1 Pin=R19-2
Added Pin To Net: NetName=E Pin=R21-2
Added Pin To Net: NetName=B Pin=R22-1
Added Pin To Net: NetName=L Pin=R23-2
Added Pin To Net: NetName=A Pin=R25-1
Added Pin To Net: NetName=M Pin=R26-2
Added Pin To Net: NetName=BLANK4 Pin=R27-2
Added Pin To Net: NetName=G1 Pin=R28-1
Added Pin To Net: NetName=N Pin=R29-2
Added Pin To Net: NetName=K Pin=R30-1
Added Pin To Net: NetName=G2 Pin=R31-2
Added Pin To Net: NetName=BLANK3 Pin=R32-2
Added Pin To Net: NetName=J Pin=R33-1
Added Pin To Net: NetName=D Pin=R34-2
Added Pin To Net: NetName=H Pin=R35-1
Added Pin To Net: NetName=DP Pin=R36-2
Added Pin To Net: NetName=F Pin=R37-1
Added Pin To Net: NetName=C Pin=R38-2
Added Pin To Net: NetName=3V3 Pin=Q1-2
Added Pin To Net: NetName=3V3 Pin=Q2-2
Added Pin To Net: NetName=3V3 Pin=Q3-2
Added Pin To Net: NetName=3V3 Pin=Q4-2
Added Pin To Net: NetName=3V3 Pin=R9-1
Added Pin To Net: NetName=3V3 Pin=R12-1
Added Pin To Net: NetName=3V3 Pin=R20-1
Added Pin To Net: NetName=3V3 Pin=R24-1
Added Net: Name=3V3
Added Pin To Net: NetName=5V Pin=P1-40
Added Pin To Net: NetName=5V Pin=POWER1-4
Added Net: Name=5V
Added Pin To Net: NetName=BLANK1_CTL Pin=P1-2
Added Pin To Net: NetName=BLANK1_CTL Pin=Q2-1
Added Pin To Net: NetName=BLANK1_CTL Pin=R12-2
Added Net: Name=BLANK1_CTL
Added Pin To Net: NetName=BLANK2_CTL Pin=P1-3
Added Pin To Net: NetName=BLANK2_CTL Pin=Q1-1
Added Pin To Net: NetName=BLANK2_CTL Pin=R9-2
Added Net: Name=BLANK2_CTL
Added Pin To Net: NetName=BLANK3_CTL Pin=P1-4
Added Pin To Net: NetName=BLANK3_CTL Pin=Q4-1
Added Pin To Net: NetName=BLANK3_CTL Pin=R24-2
Added Net: Name=BLANK3_CTL
Added Pin To Net: NetName=BLANK4_CTL Pin=P1-5
Added Pin To Net: NetName=BLANK4_CTL Pin=Q3-1
Added Pin To Net: NetName=BLANK4_CTL Pin=R20-2
Added Net: Name=BLANK4_CTL
Added Pin To Net: NetName=Netd1_1 Pin=d1-1
Added Pin To Net: NetName=Netd1_1 Pin=R1-1
Added Net: Name=Netd1_1
Added Pin To Net: NetName=Netd1_2 Pin=d1-2
Added Pin To Net: NetName=Netd1_2 Pin=R3-1
Added Net: Name=Netd1_2
Added Pin To Net: NetName=Netd1_4 Pin=d1-4
Added Pin To Net: NetName=Netd1_4 Pin=R5-1
Added Net: Name=Netd1_4
Added Pin To Net: NetName=Netd1_5 Pin=d1-5
Added Pin To Net: NetName=Netd1_5 Pin=R7-1
Added Net: Name=Netd1_5
Added Pin To Net: NetName=Netd1_6 Pin=d1-6
Added Pin To Net: NetName=Netd1_6 Pin=R10-1
Added Net: Name=Netd1_6
Added Pin To Net: NetName=Netd1_7 Pin=d1-7
Added Pin To Net: NetName=Netd1_7 Pin=R13-1
Added Net: Name=Netd1_7
Added Pin To Net: NetName=Netd1_8 Pin=d1-8
Added Pin To Net: NetName=Netd1_8 Pin=R15-1
Added Net: Name=Netd1_8
Added Pin To Net: NetName=Netd1_9 Pin=d1-9
Added Pin To Net: NetName=Netd1_9 Pin=R18-1
Added Net: Name=Netd1_9
Added Pin To Net: NetName=Netd1_10 Pin=d1-10
Added Pin To Net: NetName=Netd1_10 Pin=R2-2
Added Net: Name=Netd1_10
Added Pin To Net: NetName=Netd1_12 Pin=d1-12
Added Pin To Net: NetName=Netd1_12 Pin=R4-2
Added Net: Name=Netd1_12
Added Pin To Net: NetName=Netd1_13 Pin=d1-13
Added Pin To Net: NetName=Netd1_13 Pin=R6-2
Added Net: Name=Netd1_13
Added Pin To Net: NetName=Netd1_14 Pin=d1-14
Added Pin To Net: NetName=Netd1_14 Pin=R8-2
Added Net: Name=Netd1_14
Added Pin To Net: NetName=Netd1_15 Pin=d1-15
Added Pin To Net: NetName=Netd1_15 Pin=R11-2
Added Net: Name=Netd1_15
Added Pin To Net: NetName=Netd1_17 Pin=d1-17
Added Pin To Net: NetName=Netd1_17 Pin=R14-2
Added Net: Name=Netd1_17
Added Pin To Net: NetName=Netd1_18 Pin=d1-18
Added Pin To Net: NetName=Netd1_18 Pin=R17-2
Added Net: Name=Netd1_18
Added Pin To Net: NetName=Netd2_1 Pin=d2-1
Added Pin To Net: NetName=Netd2_1 Pin=R21-1
Added Net: Name=Netd2_1
Added Pin To Net: NetName=Netd2_2 Pin=d2-2
Added Pin To Net: NetName=Netd2_2 Pin=R23-1
Added Net: Name=Netd2_2
Added Pin To Net: NetName=Netd2_4 Pin=d2-4
Added Pin To Net: NetName=Netd2_4 Pin=R26-1
Added Net: Name=Netd2_4
Added Pin To Net: NetName=Netd2_5 Pin=d2-5
Added Pin To Net: NetName=Netd2_5 Pin=R29-1
Added Net: Name=Netd2_5
Added Pin To Net: NetName=Netd2_6 Pin=d2-6
Added Pin To Net: NetName=Netd2_6 Pin=R31-1
Added Net: Name=Netd2_6
Added Pin To Net: NetName=Netd2_7 Pin=d2-7
Added Pin To Net: NetName=Netd2_7 Pin=R34-1
Added Net: Name=Netd2_7
Added Pin To Net: NetName=Netd2_8 Pin=d2-8
Added Pin To Net: NetName=Netd2_8 Pin=R36-1
Added Net: Name=Netd2_8
Added Pin To Net: NetName=Netd2_9 Pin=d2-9
Added Pin To Net: NetName=Netd2_9 Pin=R38-1
Added Net: Name=Netd2_9
Added Pin To Net: NetName=Netd2_10 Pin=d2-10
Added Pin To Net: NetName=Netd2_10 Pin=R22-2
Added Net: Name=Netd2_10
Added Pin To Net: NetName=Netd2_12 Pin=d2-12
Added Pin To Net: NetName=Netd2_12 Pin=R25-2
Added Net: Name=Netd2_12
Added Pin To Net: NetName=Netd2_13 Pin=d2-13
Added Pin To Net: NetName=Netd2_13 Pin=R28-2
Added Net: Name=Netd2_13
Added Pin To Net: NetName=Netd2_14 Pin=d2-14
Added Pin To Net: NetName=Netd2_14 Pin=R30-2
Added Net: Name=Netd2_14
Added Pin To Net: NetName=Netd2_15 Pin=d2-15
Added Pin To Net: NetName=Netd2_15 Pin=R33-2
Added Net: Name=Netd2_15
Added Pin To Net: NetName=Netd2_17 Pin=d2-17
Added Pin To Net: NetName=Netd2_17 Pin=R35-2
Added Net: Name=Netd2_17
Added Pin To Net: NetName=Netd2_18 Pin=d2-18
Added Pin To Net: NetName=Netd2_18 Pin=R37-2
Added Net: Name=Netd2_18
Added Pin To Net: NetName=NetQ1_3 Pin=Q1-3
Added Pin To Net: NetName=NetQ1_3 Pin=R16-1
Added Net: Name=NetQ1_3
Added Pin To Net: NetName=NetQ2_3 Pin=Q2-3
Added Pin To Net: NetName=NetQ2_3 Pin=R19-1
Added Net: Name=NetQ2_3
Added Pin To Net: NetName=NetQ3_3 Pin=Q3-3
Added Pin To Net: NetName=NetQ3_3 Pin=R27-1
Added Net: Name=NetQ3_3
Added Pin To Net: NetName=NetQ4_3 Pin=Q4-3
Added Pin To Net: NetName=NetQ4_3 Pin=R32-1
Added Net: Name=NetQ4_3
Added Member To Class: ClassName=FinalBoard Member=Component AD1 AD
Added Member To Class: ClassName=FinalBoard Member=Component ICSP1 ICSP
Added Member To Class: ClassName=FinalBoard Member=Component IOL1 IOL
Added Member To Class: ClassName=FinalBoard Member=Component J? SK6812MINI
Added Member To Class: ClassName=FinalBoard Member=Component POWER1 POWER_UNO
Added Member To Class: ClassName=FinalBoard Member=Component Q1 BSS138
Added Member To Class: ClassName=FinalBoard Member=Component Q2 BSS138
Added Member To Class: ClassName=FinalBoard Member=Component Q3 BSS138
Added Member To Class: ClassName=FinalBoard Member=Component Q4 BSS138
Added Member To Class: ClassName=FinalBoard Member=Component R1 10K, 1%
Added Member To Class: ClassName=FinalBoard Member=Component R2 10K, 1%
Added Member To Class: ClassName=FinalBoard Member=Component R3 10K, 1%
Added Member To Class: ClassName=FinalBoard Member=Component R4 10K, 1%
Added Member To Class: ClassName=FinalBoard Member=Component R5 10K, 1%
Added Member To Class: ClassName=FinalBoard Member=Component R6 10K, 1%
Added Member To Class: ClassName=FinalBoard Member=Component R7 10K, 1%
Added Member To Class: ClassName=FinalBoard Member=Component R8 10K, 1%
Added Member To Class: ClassName=FinalBoard Member=Component R9 10K, 1%
Added Member To Class: ClassName=FinalBoard Member=Component R10 10K, 1%
Added Member To Class: ClassName=FinalBoard Member=Component R11 10K, 1%
Added Member To Class: ClassName=FinalBoard Member=Component R12 10K, 1%
Added Member To Class: ClassName=FinalBoard Member=Component R13 10K, 1%
Added Member To Class: ClassName=FinalBoard Member=Component R14 10K, 1%
Added Member To Class: ClassName=FinalBoard Member=Component R15 10K, 1%
Added Member To Class: ClassName=FinalBoard Member=Component R16 10K, 1%
Added Member To Class: ClassName=FinalBoard Member=Component R17 10K, 1%
Added Member To Class: ClassName=FinalBoard Member=Component R18 10K, 1%
Added Member To Class: ClassName=FinalBoard Member=Component R19 10K, 1%
Added Member To Class: ClassName=FinalBoard Member=Component R20 10K, 1%
Added Member To Class: ClassName=FinalBoard Member=Component R21 10K, 1%
Added Member To Class: ClassName=FinalBoard Member=Component R22 10K, 1%
Added Member To Class: ClassName=FinalBoard Member=Component R23 10K, 1%
Added Member To Class: ClassName=FinalBoard Member=Component R24 10K, 1%
Added Member To Class: ClassName=FinalBoard Member=Component R25 10K, 1%
Added Member To Class: ClassName=FinalBoard Member=Component R26 10K, 1%
Added Member To Class: ClassName=FinalBoard Member=Component R27 10K, 1%
Added Member To Class: ClassName=FinalBoard Member=Component R28 10K, 1%
Added Member To Class: ClassName=FinalBoard Member=Component R29 10K, 1%
Added Member To Class: ClassName=FinalBoard Member=Component R30 10K, 1%
Added Member To Class: ClassName=FinalBoard Member=Component R31 10K, 1%
Added Member To Class: ClassName=FinalBoard Member=Component R32 10K, 1%
Added Member To Class: ClassName=FinalBoard Member=Component R33 10K, 1%
Added Member To Class: ClassName=FinalBoard Member=Component R34 10K, 1%
Added Member To Class: ClassName=FinalBoard Member=Component R35 10K, 1%
Added Member To Class: ClassName=FinalBoard Member=Component R36 10K, 1%
Added Member To Class: ClassName=FinalBoard Member=Component R37 10K, 1%
Added Member To Class: ClassName=FinalBoard Member=Component R38 10K, 1%
Added Room: Name=FinalBoard
