Removed Member From Class: ClassName=FinalBoard Member=d?
Added Component: Designator=*(Header 8x1 8.5mm)
Add component (AddParameter): Name = "Supplier 1"; Value = "Arrow"; VariantName = "[No Variations]"
Add component (AddParameter): Name = "Supplier 2"; Value = "Digi-Key"; VariantName = "[No Variations]"
Add component (AddParameter): Name = "Supplier 3"; Value = "Arrow"; VariantName = "[No Variations]"
Add component (AddParameter): Name = "Supplier Part Number 1"; Value = "2698925"; VariantName = "[No Variations]"
Add component (AddParameter): Name = "Supplier Part Number 2"; Value = "SAM1198-08-ND"; VariantName = "[No Variations]"
Add component (AddParameter): Name = "Supplier Part Number 3"; Value = "2698940"; VariantName = "[No Variations]"
Added Component: Designator=*(HEADER 36X 8MM)
Add component (AddParameter): Name = "Supplier 1"; Value = "Arrow"; VariantName = "[No Variations]"
Add component (AddParameter): Name = "Supplier 2"; Value = "Digi-Key"; VariantName = "[No Variations]"
Add component (AddParameter): Name = "Supplier 3"; Value = "Arrow"; VariantName = "[No Variations]"
Add component (AddParameter): Name = "Supplier Part Number 1"; Value = "2697470"; VariantName = "[No Variations]"
Add component (AddParameter): Name = "Supplier Part Number 2"; Value = "SAM1198-36-ND"; VariantName = "[No Variations]"
Add component (AddParameter): Name = "Supplier Part Number 3"; Value = "2697486"; VariantName = "[No Variations]"
Added Component: Designator=*(Header 6x1 8.5mm)
Add component (AddParameter): Name = "Supplier 1"; Value = "Arrow"; VariantName = "[No Variations]"
Add component (AddParameter): Name = "Supplier 2"; Value = "Arrow"; VariantName = "[No Variations]"
Add component (AddParameter): Name = "Supplier 3"; Value = "Digi-Key"; VariantName = "[No Variations]"
Add component (AddParameter): Name = "Supplier 4"; Value = "Newark"; VariantName = "[No Variations]"
Add component (AddParameter): Name = "Supplier Part Number 1"; Value = "52553843"; VariantName = "[No Variations]"
Add component (AddParameter): Name = "Supplier Part Number 2"; Value = "2699089"; VariantName = "[No Variations]"
Add component (AddParameter): Name = "Supplier Part Number 3"; Value = "SAM1198-06-ND"; VariantName = "[No Variations]"
Add component (AddParameter): Name = "Supplier Part Number 4"; Value = "11P8269"; VariantName = "[No Variations]"
Added Component: Designator=*(Header 8x1 8.5mm)
Add component (AddParameter): Name = "Supplier 1"; Value = "Arrow"; VariantName = "[No Variations]"
Add component (AddParameter): Name = "Supplier 2"; Value = "Arrow"; VariantName = "[No Variations]"
Add component (AddParameter): Name = "Supplier 3"; Value = "Digi-Key"; VariantName = "[No Variations]"
Add component (AddParameter): Name = "Supplier Part Number 1"; Value = "2698925"; VariantName = "[No Variations]"
Add component (AddParameter): Name = "Supplier Part Number 2"; Value = "2698940"; VariantName = "[No Variations]"
Add component (AddParameter): Name = "Supplier Part Number 3"; Value = "SAM1198-08-ND"; VariantName = "[No Variations]"
Added Component: Designator=*(ICSP)
Add component (AddParameter): Name = "Supplier 1"; Value = "Digi-Key"; VariantName = "[No Variations]"
Add component (AddParameter): Name = "Supplier 2"; Value = "Arrow"; VariantName = "[No Variations]"
Add component (AddParameter): Name = "Supplier 3"; Value = "Arrow"; VariantName = "[No Variations]"
Add component (AddParameter): Name = "Supplier Part Number 1"; Value = "SAM1185-03-ND"; VariantName = "[No Variations]"
Add component (AddParameter): Name = "Supplier Part Number 2"; Value = "2699340"; VariantName = "[No Variations]"
Add component (AddParameter): Name = "Supplier Part Number 3"; Value = "46091550"; VariantName = "[No Variations]"
Added Component: Designator=d1(PCBComponent_1)
Added Component: Designator=d2(PCBComponent_1)
Added Component: Designator=P1(QFP50P900X900X160-48N)
Added Pin To Net: NetName=A Pin=d1-12
Added Pin To Net: NetName=A Pin=d2-12
Added Pin To Net: NetName=A Pin=P1-9
Added Net: Name=A
Added Pin To Net: NetName=BLANK1 Pin=d1-11
Added Pin To Net: NetName=BLANK1 Pin=P1-2
Added Net: Name=BLANK1
Added Pin To Net: NetName=BLANK2 Pin=d1-16
Added Pin To Net: NetName=BLANK2 Pin=P1-3
Added Net: Name=BLANK2
Added Pin To Net: NetName=BLANK3 Pin=d2-11
Added Pin To Net: NetName=BLANK3 Pin=P1-4
Added Net: Name=BLANK3
Added Pin To Net: NetName=BLANK4 Pin=d2-16
Added Pin To Net: NetName=BLANK4 Pin=P1-5
Added Net: Name=BLANK4
Added Pin To Net: NetName=B Pin=d1-10
Added Pin To Net: NetName=B Pin=d2-10
Added Pin To Net: NetName=B Pin=P1-8
Added Net: Name=B
Added Pin To Net: NetName=C Pin=d1-9
Added Pin To Net: NetName=C Pin=d2-9
Added Pin To Net: NetName=C Pin=P1-34
Added Net: Name=C
Added Pin To Net: NetName=DP Pin=d1-8
Added Pin To Net: NetName=DP Pin=d2-8
Added Pin To Net: NetName=DP Pin=P1-33
Added Net: Name=DP
Added Pin To Net: NetName=D Pin=d1-7
Added Pin To Net: NetName=D Pin=d2-7
Added Pin To Net: NetName=D Pin=P1-32
Added Net: Name=D
Added Pin To Net: NetName=E Pin=d1-1
Added Pin To Net: NetName=E Pin=d2-1
Added Pin To Net: NetName=E Pin=P1-20
Added Net: Name=E
Added Pin To Net: NetName=F Pin=d1-18
Added Pin To Net: NetName=F Pin=d2-18
Added Pin To Net: NetName=F Pin=P1-19
Added Net: Name=F
Added Pin To Net: NetName=G1 Pin=d1-13
Added Pin To Net: NetName=G1 Pin=d2-13
Added Pin To Net: NetName=G1 Pin=P1-10
Added Net: Name=G1
Added Pin To Net: NetName=G2 Pin=d1-6
Added Pin To Net: NetName=G2 Pin=d2-6
Added Pin To Net: NetName=G2 Pin=P1-29
Added Net: Name=G2
Added Pin To Net: NetName=GND Pin=P1-24
Added Pin To Net: NetName=GND Pin=P1-40
Added Net: Name=GND
Added Pin To Net: NetName=H Pin=d1-17
Added Pin To Net: NetName=H Pin=d2-17
Added Pin To Net: NetName=H Pin=P1-18
Added Net: Name=H
Added Pin To Net: NetName=J Pin=d1-15
Added Pin To Net: NetName=J Pin=d2-15
Added Pin To Net: NetName=J Pin=P1-17
Added Net: Name=J
Added Pin To Net: NetName=K Pin=d1-14
Added Pin To Net: NetName=K Pin=d2-14
Added Pin To Net: NetName=K Pin=P1-11
Added Net: Name=K
Added Pin To Net: NetName=L Pin=d1-2
Added Pin To Net: NetName=L Pin=d2-2
Added Pin To Net: NetName=L Pin=P1-26
Added Net: Name=L
Added Pin To Net: NetName=M Pin=d1-4
Added Pin To Net: NetName=M Pin=d2-4
Added Pin To Net: NetName=M Pin=P1-27
Added Net: Name=M
Added Pin To Net: NetName=N Pin=d1-5
Added Pin To Net: NetName=N Pin=d2-5
Added Pin To Net: NetName=N Pin=P1-28
Added Net: Name=N
Added Pin To Net: NetName=SCL Pin=P1-38
Added Net: Name=SCL
Added Pin To Net: NetName=SDA Pin=P1-39
Added Net: Name=SDA
Added Pin To Net: NetName=VSS Pin=P1-1
Added Pin To Net: NetName=VSS Pin=P1-6
Added Pin To Net: NetName=VSS Pin=P1-7
Added Pin To Net: NetName=VSS Pin=P1-12
Added Pin To Net: NetName=VSS Pin=P1-16
Added Pin To Net: NetName=VSS Pin=P1-21
Added Pin To Net: NetName=VSS Pin=P1-25
Added Pin To Net: NetName=VSS Pin=P1-30
Added Pin To Net: NetName=VSS Pin=P1-31
Added Pin To Net: NetName=VSS Pin=P1-36
Added Pin To Net: NetName=VSS Pin=P1-37
Added Pin To Net: NetName=VSS Pin=P1-45
Added Pin To Net: NetName=VSS Pin=P1-48
Added Net: Name=VSS
Added Member To Class: ClassName=FinalBoard Member=Component * POWER_UNO
Added Member To Class: ClassName=FinalBoard Member=Component * IO_36
Added Member To Class: ClassName=FinalBoard Member=Component * AD
Added Member To Class: ClassName=FinalBoard Member=Component * IOL
Added Member To Class: ClassName=FinalBoard Member=Component * IOH
Added Member To Class: ClassName=FinalBoard Member=Component * ICSP
Added Member To Class: ClassName=FinalBoard Member=Component d1 segdisplay
Added Member To Class: ClassName=FinalBoard Member=Component d2 segdisplay
Added Member To Class: ClassName=FinalBoard Member=Component P1 PCU9656B
